<?xml version='1.0' encoding='UTF-8'?>
<testsuite hostname="donna.local" name="ApplicationSpec" tests="2" errors="0" failures="0" time="0.229">
                     <properties>
[...]
</properties>
                     <testcase classname="ApplicationSpec" name="Application should::send 404 on a bad request" time="0.129">
                                                 
                                               </testcase><testcase classname="ApplicationSpec" name="Application should::render the index page" time="0.1">
                                                 
                                               </testcase>
                     <system-out></system-out>
                     <system-err></system-err>
                   </testsuite>